## Bin(cM)	Covariance
   0.0010	  0.04976
   0.0020	  0.04281
   0.0030	  0.03834
   0.0040	  0.03162
   0.0050	  0.02746
   0.0060	  0.02523
   0.0070	  0.02453
   0.0080	  0.02378
   0.0090	  0.02024
   0.0100	  0.02091
   0.0110	  0.02207
   0.0120	  0.01860
   0.0130	  0.02104
   0.0140	  0.02043
   0.0150	  0.02105
   0.0160	  0.02003
   0.0170	  0.01965
   0.0180	  0.01937
   0.0190	  0.01833
   0.0200	  0.01990
   0.0210	  0.01954
   0.0220	  0.01803
   0.0230	  0.01641
   0.0240	  0.01682
   0.0250	  0.01691
   0.0260	  0.01707
   0.0270	  0.01591
   0.0280	  0.01602
   0.0290	  0.01508
   0.0300	  0.01666
   0.0310	  0.01516
   0.0320	  0.01623
   0.0330	  0.01781
   0.0340	  0.01644
   0.0350	  0.01613
   0.0360	  0.01581
   0.0370	  0.01649
   0.0380	  0.01655
   0.0390	  0.01462
   0.0400	  0.01658
   0.0410	  0.01497
   0.0420	  0.01566
   0.0430	  0.01393
   0.0440	  0.01396
   0.0450	  0.01529
   0.0460	  0.01633
   0.0470	  0.01566
   0.0480	  0.01626
   0.0490	  0.01538
   0.0500	  0.01405
   0.0510	  0.01501
   0.0520	  0.01464
   0.0530	  0.01442
   0.0540	  0.01395
   0.0550	  0.01431
   0.0560	  0.01402
   0.0570	  0.01503
   0.0580	  0.01450
   0.0590	  0.01349
   0.0600	  0.01485
   0.0610	  0.01338
   0.0620	  0.01249
   0.0630	  0.01431
   0.0640	  0.01306
   0.0650	  0.01512
   0.0660	  0.01333
   0.0670	  0.01341
   0.0680	  0.01196
   0.0690	  0.01235
   0.0700	  0.01287
   0.0710	  0.01467
   0.0720	  0.01238
   0.0730	  0.01405
   0.0740	  0.01157
   0.0750	  0.01296
   0.0760	  0.01315
   0.0770	  0.01260
   0.0780	  0.01297
   0.0790	  0.01205
   0.0800	  0.01159
   0.0810	  0.01085
   0.0820	  0.01247
   0.0830	  0.01257
   0.0840	  0.01021
   0.0850	  0.01260
   0.0860	  0.01208
   0.0870	  0.01115
   0.0880	  0.01291
   0.0890	  0.01117
   0.0900	  0.01081
   0.0910	  0.01131
   0.0920	  0.01184
   0.0930	  0.01136
   0.0940	  0.01190
   0.0950	  0.01065
   0.0960	  0.01088
   0.0970	  0.01173
   0.0980	  0.01145
   0.0990	  0.01260
   0.1000	  0.01001
   0.1010	  0.01141
   0.1020	  0.01211
   0.1030	  0.01168
   0.1040	  0.01150
   0.1050	  0.01084
   0.1060	  0.01183
   0.1070	  0.01204
   0.1080	  0.01239
   0.1090	  0.01170
   0.1100	  0.01148
   0.1110	  0.01103
   0.1120	  0.01020
   0.1130	  0.01020
   0.1140	  0.01182
   0.1150	  0.00978
   0.1160	  0.01135
   0.1170	  0.01026
   0.1180	  0.01140
   0.1190	  0.01046
   0.1200	  0.01079
   0.1210	  0.01034
   0.1220	  0.01141
   0.1230	  0.01027
   0.1240	  0.01003
   0.1250	  0.01093
   0.1260	  0.01057
   0.1270	  0.01101
   0.1280	  0.00995
   0.1290	  0.01049
   0.1300	  0.01098
   0.1310	  0.01087
   0.1320	  0.01100
   0.1330	  0.01008
   0.1340	  0.00903
   0.1350	  0.00960
   0.1360	  0.00880
   0.1370	  0.00878
   0.1380	  0.01043
   0.1390	  0.00977
   0.1400	  0.00933
   0.1410	  0.00878
   0.1420	  0.00996
   0.1430	  0.01015
   0.1440	  0.01106
   0.1450	  0.01119
   0.1460	  0.00880
   0.1470	  0.00927
   0.1480	  0.00876
   0.1490	  0.00785
   0.1500	  0.00841
   0.1510	  0.00982
   0.1520	  0.01075
   0.1530	  0.00898
   0.1540	  0.00758
   0.1550	  0.00925
   0.1560	  0.00784
   0.1570	  0.00884
   0.1580	  0.00874
   0.1590	  0.00914
   0.1600	  0.01032
   0.1610	  0.00699
   0.1620	  0.00814
   0.1630	  0.00975
   0.1640	  0.01024
   0.1650	  0.00965
   0.1660	  0.00868
   0.1670	  0.00839
   0.1680	  0.00767
   0.1690	  0.00750
   0.1700	  0.00796
   0.1710	  0.00825
   0.1720	  0.00894
   0.1730	  0.00901
   0.1740	  0.00866
   0.1750	  0.00841
   0.1760	  0.00873
   0.1770	  0.00859
   0.1780	  0.00737
   0.1790	  0.00860
   0.1800	  0.00856
   0.1810	  0.00808
   0.1820	  0.00781
   0.1830	  0.00794
   0.1840	  0.00731
   0.1850	  0.00875
   0.1860	  0.00710
   0.1870	  0.00915
   0.1880	  0.00732
   0.1890	  0.00894
   0.1900	  0.00748
   0.1910	  0.00596
   0.1920	  0.00768
   0.1930	  0.00690
   0.1940	  0.00738
   0.1950	  0.00725
   0.1960	  0.00820
   0.1970	  0.00697
   0.1980	  0.00759
   0.1990	  0.00733
   0.2000	  0.00692
   0.2010	  0.00719
   0.2020	  0.00626
   0.2030	  0.00692
   0.2040	  0.00656
   0.2050	  0.00639
   0.2060	  0.00837
   0.2070	  0.00640
   0.2080	  0.00726
   0.2090	  0.00719
   0.2100	  0.00718
   0.2110	  0.00767
   0.2120	  0.00637
   0.2130	  0.00753
   0.2140	  0.00767
   0.2150	  0.00728
   0.2160	  0.00692
   0.2170	  0.00705
   0.2180	  0.00657
   0.2190	  0.00720
   0.2200	  0.00672
   0.2210	  0.00693
   0.2220	  0.00577
   0.2230	  0.00619
   0.2240	  0.00621
   0.2250	  0.00652
   0.2260	  0.00701
   0.2270	  0.00687
   0.2280	  0.00669
   0.2290	  0.00623
   0.2300	  0.00625
   0.2310	  0.00646
   0.2320	  0.00565
   0.2330	  0.00737
   0.2340	  0.00626
   0.2350	  0.00604
   0.2360	  0.00660
   0.2370	  0.00739
   0.2380	  0.00722
   0.2390	  0.00603
   0.2400	  0.00576
   0.2410	  0.00594
   0.2420	  0.00673
   0.2430	  0.00592
   0.2440	  0.00548
   0.2450	  0.00570
   0.2460	  0.00573
   0.2470	  0.00638
   0.2480	  0.00658
   0.2490	  0.00601
   0.2500	  0.00714
   0.2510	  0.00624
   0.2520	  0.00580
   0.2530	  0.00654
   0.2540	  0.00548
   0.2550	  0.00627
   0.2560	  0.00421
   0.2570	  0.00470
   0.2580	  0.00561
   0.2590	  0.00529
   0.2600	  0.00575
   0.2610	  0.00586
   0.2620	  0.00587
   0.2630	  0.00642
   0.2640	  0.00685
   0.2650	  0.00549
   0.2660	  0.00576
   0.2670	  0.00650
   0.2680	  0.00556
   0.2690	  0.00519
   0.2700	  0.00459
   0.2710	  0.00584
   0.2720	  0.00649
   0.2730	  0.00622
   0.2740	  0.00480
   0.2750	  0.00558
   0.2760	  0.00454
   0.2770	  0.00448
   0.2780	  0.00484
   0.2790	  0.00502
   0.2800	  0.00525
   0.2810	  0.00386
   0.2820	  0.00482
   0.2830	  0.00508
   0.2840	  0.00445
   0.2850	  0.00429
   0.2860	  0.00538
   0.2870	  0.00532
   0.2880	  0.00568
   0.2890	  0.00519
   0.2900	  0.00425
   0.2910	  0.00417
   0.2920	  0.00570
   0.2930	  0.00544
   0.2940	  0.00499
   0.2950	  0.00442
   0.2960	  0.00494
   0.2970	  0.00467
   0.2980	  0.00578
   0.2990	  0.00466
   0.3000	  0.00467
   0.3010	  0.00481
   0.3020	  0.00450
   0.3030	  0.00478
   0.3040	  0.00447
   0.3050	  0.00486
   0.3060	  0.00521
   0.3070	  0.00365
   0.3080	  0.00477
   0.3090	  0.00424
   0.3100	  0.00399
   0.3110	  0.00431
   0.3120	  0.00431
   0.3130	  0.00382
   0.3140	  0.00512
   0.3150	  0.00499
   0.3160	  0.00450
   0.3170	  0.00386
   0.3180	  0.00451
   0.3190	  0.00384
   0.3200	  0.00369
   0.3210	  0.00382
   0.3220	  0.00301
   0.3230	  0.00459
   0.3240	  0.00345
   0.3250	  0.00343
   0.3260	  0.00391
   0.3270	  0.00306
   0.3280	  0.00414
   0.3290	  0.00487
   0.3300	  0.00391
   0.3310	  0.00449
   0.3320	  0.00428
   0.3330	  0.00347
   0.3340	  0.00465
   0.3350	  0.00533
   0.3360	  0.00416
   0.3370	  0.00335
   0.3380	  0.00409
   0.3390	  0.00451
   0.3400	  0.00465
   0.3410	  0.00318
   0.3420	  0.00409
   0.3430	  0.00476
   0.3440	  0.00355
   0.3450	  0.00430
   0.3460	  0.00461
   0.3470	  0.00480
   0.3480	  0.00426
   0.3490	  0.00479
   0.3500	  0.00370
   0.3510	  0.00495
   0.3520	  0.00408
   0.3530	  0.00275
   0.3540	  0.00438
   0.3550	  0.00334
   0.3560	  0.00398
   0.3570	  0.00427
   0.3580	  0.00443
   0.3590	  0.00424
   0.3600	  0.00400
   0.3610	  0.00387
   0.3620	  0.00431
   0.3630	  0.00486
   0.3640	  0.00333
   0.3650	  0.00386
   0.3660	  0.00352
   0.3670	  0.00264
   0.3680	  0.00423
   0.3690	  0.00367
   0.3700	  0.00317
   0.3710	  0.00298
   0.3720	  0.00337
   0.3730	  0.00413
   0.3740	  0.00323
   0.3750	  0.00286
   0.3760	  0.00288
   0.3770	  0.00363
   0.3780	  0.00435
   0.3790	  0.00397
   0.3800	  0.00296
   0.3810	  0.00346
   0.3820	  0.00347
   0.3830	  0.00359
   0.3840	  0.00397
   0.3850	  0.00365
   0.3860	  0.00266
   0.3870	  0.00306
   0.3880	  0.00325
   0.3890	  0.00360
   0.3900	  0.00352
   0.3910	  0.00350
   0.3920	  0.00208
   0.3930	  0.00303
   0.3940	  0.00355
   0.3950	  0.00234
   0.3960	  0.00430
   0.3970	  0.00290
   0.3980	  0.00247
   0.3990	  0.00331
   0.4000	  0.00336
   0.4010	  0.00314
   0.4020	  0.00285
   0.4030	  0.00210
   0.4040	  0.00305
   0.4050	  0.00403
   0.4060	  0.00289
   0.4070	  0.00313
   0.4080	  0.00201
   0.4090	  0.00263
   0.4100	  0.00330
   0.4110	  0.00220
   0.4120	  0.00152
   0.4130	  0.00199
   0.4140	  0.00322
   0.4150	  0.00254
   0.4160	  0.00216
   0.4170	  0.00291
   0.4180	  0.00273
   0.4190	  0.00243
   0.4200	  0.00283
   0.4210	  0.00262
   0.4220	  0.00279
   0.4230	  0.00254
   0.4240	  0.00239
   0.4250	  0.00358
   0.4260	  0.00327
   0.4270	  0.00261
   0.4280	  0.00365
   0.4290	  0.00365
   0.4300	  0.00308
   0.4310	  0.00228
   0.4320	  0.00336
   0.4330	  0.00295
   0.4340	  0.00263
   0.4350	  0.00298
   0.4360	  0.00403
   0.4370	  0.00268
   0.4380	  0.00371
   0.4390	  0.00321
   0.4400	  0.00314
   0.4410	  0.00252
   0.4420	  0.00428
   0.4430	  0.00317
   0.4440	  0.00271
   0.4450	  0.00203
   0.4460	  0.00271
   0.4470	  0.00282
   0.4480	  0.00200
   0.4490	  0.00226
   0.4500	  0.00279
   0.4510	  0.00290
   0.4520	  0.00207
   0.4530	  0.00263
   0.4540	  0.00181
   0.4550	  0.00203
   0.4560	  0.00220
   0.4570	  0.00227
   0.4580	  0.00209
   0.4590	  0.00233
   0.4600	  0.00278
   0.4610	  0.00258
   0.4620	  0.00201
   0.4630	  0.00249
   0.4640	  0.00290
   0.4650	  0.00213
   0.4660	  0.00186
   0.4670	  0.00307
   0.4680	  0.00295
   0.4690	  0.00301
   0.4700	  0.00156
   0.4710	  0.00235
   0.4720	  0.00333
   0.4730	  0.00249
   0.4740	  0.00294
   0.4750	  0.00217
   0.4760	  0.00185
   0.4770	  0.00242
   0.4780	  0.00248
   0.4790	  0.00307
   0.4800	  0.00228
   0.4810	  0.00249
   0.4820	  0.00294
   0.4830	  0.00285
   0.4840	  0.00321
   0.4850	  0.00254
   0.4860	  0.00243
   0.4870	  0.00185
   0.4880	  0.00204
   0.4890	  0.00207
   0.4900	  0.00238
   0.4910	  0.00170
   0.4920	  0.00196
   0.4930	  0.00174
   0.4940	  0.00245
   0.4950	  0.00256
   0.4960	  0.00272
   0.4970	  0.00139
   0.4980	  0.00247
   0.4990	  0.00216
   0.5000	  0.00200
   0.5010	  0.00235
   0.5020	  0.00191
   0.5030	  0.00249
   0.5040	  0.00166
   0.5050	  0.00190
   0.5060	  0.00271
   0.5070	  0.00221
   0.5080	  0.00144
   0.5090	  0.00090
   0.5100	  0.00284
   0.5110	  0.00219
   0.5120	  0.00179
   0.5130	  0.00182
   0.5140	  0.00190
   0.5150	  0.00159
   0.5160	  0.00163
   0.5170	  0.00157
   0.5180	  0.00181
   0.5190	  0.00111
   0.5200	  0.00193
   0.5210	  0.00087
   0.5220	  0.00201
   0.5230	  0.00185
   0.5240	  0.00205
   0.5250	  0.00192
   0.5260	  0.00130
   0.5270	  0.00102
   0.5280	  0.00114
   0.5290	  0.00171
   0.5300	  0.00189
   0.5310	  0.00194
   0.5320	  0.00195
   0.5330	  0.00188
   0.5340	  0.00178
   0.5350	  0.00212
   0.5360	  0.00251
   0.5370	  0.00258
   0.5380	  0.00183
   0.5390	  0.00111
   0.5400	  0.00204
   0.5410	  0.00196
   0.5420	  0.00254
   0.5430	  0.00130
   0.5440	  0.00215
   0.5450	  0.00143
   0.5460	  0.00187
   0.5470	  0.00115
   0.5480	  0.00180
   0.5490	  0.00189
   0.5500	  0.00156
   0.5510	  0.00163
   0.5520	  0.00169
   0.5530	  0.00145
   0.5540	  0.00261
   0.5550	  0.00200
   0.5560	  0.00213
   0.5570	  0.00142
   0.5580	  0.00214
   0.5590	  0.00183
   0.5600	  0.00210
   0.5610	  0.00254
   0.5620	  0.00234
   0.5630	  0.00214
   0.5640	  0.00104
   0.5650	  0.00200
   0.5660	  0.00220
   0.5670	  0.00182
   0.5680	  0.00172
   0.5690	  0.00224
   0.5700	  0.00182
   0.5710	  0.00192
   0.5720	  0.00217
   0.5730	  0.00067
   0.5740	  0.00153
   0.5750	  0.00221
   0.5760	  0.00185
   0.5770	  0.00160
   0.5780	  0.00175
   0.5790	  0.00104
   0.5800	  0.00147
   0.5810	  0.00184
   0.5820	  0.00160
   0.5830	  0.00136
   0.5840	  0.00217
   0.5850	  0.00121
   0.5860	  0.00216
   0.5870	  0.00258
   0.5880	  0.00124
   0.5890	  0.00177
   0.5900	  0.00152
   0.5910	  0.00187
   0.5920	  0.00142
   0.5930	  0.00100
   0.5940	  0.00172
   0.5950	  0.00125
   0.5960	  0.00155
   0.5970	  0.00103
   0.5980	  0.00100
   0.5990	  0.00136
   0.6000	  0.00183
   0.6010	  0.00163
   0.6020	  0.00147
   0.6030	  0.00190
   0.6040	  0.00159
   0.6050	  0.00064
   0.6060	  0.00087
   0.6070	  0.00136
   0.6080	  0.00120
   0.6090	  0.00126
   0.6100	  0.00119
   0.6110	  0.00179
   0.6120	  0.00012
   0.6130	  0.00148
   0.6140	  0.00032
   0.6150	  0.00163
   0.6160	  0.00188
   0.6170	  0.00078
   0.6180	  0.00160
   0.6190	  0.00147
   0.6200	  0.00236
   0.6210	  0.00180
   0.6220	  0.00100
   0.6230	  0.00132
   0.6240	  0.00122
   0.6250	  0.00203
   0.6260	  0.00239
   0.6270	  0.00131
   0.6280	  0.00126
   0.6290	  0.00152
   0.6300	  0.00150
   0.6310	  0.00117
   0.6320	  0.00212
   0.6330	  0.00282
   0.6340	  0.00132
   0.6350	  0.00124
   0.6360	  0.00185
   0.6370	  0.00254
   0.6380	  0.00180
   0.6390	  0.00197
   0.6400	  0.00078
   0.6410	  0.00117
   0.6420	  0.00177
   0.6430	  0.00137
   0.6440	  0.00260
   0.6450	  0.00154
   0.6460	  0.00198
   0.6470	  0.00179
   0.6480	  0.00160
   0.6490	  0.00218
   0.6500	  0.00230
   0.6510	  0.00166
   0.6520	  0.00233
   0.6530	  0.00227
   0.6540	  0.00182
   0.6550	  0.00143
   0.6560	  0.00184
   0.6570	  0.00094
   0.6580	  0.00134
   0.6590	  0.00108
   0.6600	  0.00181
   0.6610	  0.00160
   0.6620	  0.00161
   0.6630	  0.00077
   0.6640	  0.00141
   0.6650	  0.00136
   0.6660	  0.00107
   0.6670	  0.00156
   0.6680	  0.00115
   0.6690	  0.00180
   0.6700	  0.00160
   0.6710	  0.00134
   0.6720	  0.00182
   0.6730	  0.00151
   0.6740	  0.00115
   0.6750	  0.00087
   0.6760	  0.00108
   0.6770	  0.00131
   0.6780	  0.00100
   0.6790	  0.00162
   0.6800	  0.00141
   0.6810	  0.00225
   0.6820	  0.00170
   0.6830	  0.00170
   0.6840	  0.00089
   0.6850	  0.00097
   0.6860	  0.00107
   0.6870	  0.00136
   0.6880	  0.00090
   0.6890	  0.00152
   0.6900	  0.00130
   0.6910	  0.00115
   0.6920	  0.00184
   0.6930	  0.00122
   0.6940	  0.00090
   0.6950	  0.00107
   0.6960	  0.00147
   0.6970	  0.00204
   0.6980	  0.00172
   0.6990	  0.00160
   0.7000	  0.00167
   0.7010	  0.00183
   0.7020	  0.00067
   0.7030	  0.00058
   0.7040	  0.00113
   0.7050	  0.00133
   0.7060	  0.00141
   0.7070	  0.00088
   0.7080	  0.00094
   0.7090	  0.00165
   0.7100	  0.00121
   0.7110	  0.00214
   0.7120	  0.00125
   0.7130	  0.00085
   0.7140	  0.00013
   0.7150	  0.00108
   0.7160	  0.00098
   0.7170	  0.00017
   0.7180	  0.00073
   0.7190	  0.00204
   0.7200	  0.00135
   0.7210	  0.00153
   0.7220	  0.00066
   0.7230	  0.00062
   0.7240	  0.00182
   0.7250	  0.00151
   0.7260	  0.00111
   0.7270	  0.00076
   0.7280	  0.00141
   0.7290	  0.00145
   0.7300	  0.00191
   0.7310	  0.00042
   0.7320	  0.00120
   0.7330	  0.00130
   0.7340	  0.00139
   0.7350	  0.00129
   0.7360	  0.00045
   0.7370	  0.00072
   0.7380	  0.00148
   0.7390	  0.00168
   0.7400	  0.00152
   0.7410	  0.00133
   0.7420	  0.00193
   0.7430	  0.00169
   0.7440	  0.00113
   0.7450	  0.00115
   0.7460	  0.00199
   0.7470	  0.00114
   0.7480	  0.00085
   0.7490	  0.00081
   0.7500	  0.00072
   0.7510	  0.00011
   0.7520	  0.00101
   0.7530	  0.00127
   0.7540	  0.00038
   0.7550	  0.00041
   0.7560	  0.00188
   0.7570	  0.00150
   0.7580	  0.00065
   0.7590	  0.00071
   0.7600	  0.00074
   0.7610	  0.00072
   0.7620	  0.00063
   0.7630	  0.00098
   0.7640	  0.00068
   0.7650	  0.00118
   0.7660	  0.00056
   0.7670	  0.00082
   0.7680	  0.00065
   0.7690	  0.00025
   0.7700	  0.00136
   0.7710	  0.00066
   0.7720	  0.00066
   0.7730	  0.00168
   0.7740	  0.00098
   0.7750	  0.00133
   0.7760	  0.00097
   0.7770	  0.00052
   0.7780	  0.00053
   0.7790	  0.00096
   0.7800	  0.00117
   0.7810	  0.00101
   0.7820	  0.00097
   0.7830	  0.00087
   0.7840	  0.00121
   0.7850	  0.00098
   0.7860	  0.00052
   0.7870	  0.00086
   0.7880	  0.00114
   0.7890	  0.00103
   0.7900	  0.00078
   0.7910	  0.00110
   0.7920	  0.00076
   0.7930	  0.00176
   0.7940	  0.00024
   0.7950	  0.00060
   0.7960	  0.00118
   0.7970	  0.00130
   0.7980	  0.00247
   0.7990	  0.00112
   0.8000	  0.00109
   0.8010	  0.00029
   0.8020	  0.00055
   0.8030	  0.00088
   0.8040	  0.00059
   0.8050	  0.00023
   0.8060	  0.00074
   0.8070	  0.00091
   0.8080	  0.00010
   0.8090	  0.00105
   0.8100	  0.00085
   0.8110	  0.00088
   0.8120	  0.00097
   0.8130	  0.00077
   0.8140	  0.00112
   0.8150	  0.00129
   0.8160	  0.00035
   0.8170	  0.00064
   0.8180	 -0.00022
   0.8190	  0.00033
   0.8200	  0.00040
   0.8210	  0.00102
   0.8220	  0.00050
   0.8230	  0.00040
   0.8240	 -0.00008
   0.8250	  0.00142
   0.8260	  0.00046
   0.8270	  0.00123
   0.8280	  0.00094
   0.8290	  0.00093
   0.8300	  0.00164
   0.8310	  0.00115
   0.8320	  0.00112
   0.8330	  0.00086
   0.8340	  0.00080
   0.8350	  0.00195
   0.8360	  0.00111
   0.8370	  0.00119
   0.8380	  0.00112
   0.8390	  0.00177
   0.8400	  0.00134
   0.8410	  0.00111
   0.8420	  0.00093
   0.8430	  0.00123
   0.8440	  0.00085
   0.8450	  0.00059
   0.8460	  0.00104
   0.8470	  0.00037
   0.8480	  0.00077
   0.8490	  0.00042
   0.8500	  0.00094
   0.8510	  0.00075
   0.8520	  0.00090
   0.8530	  0.00034
   0.8540	  0.00049
   0.8550	  0.00046
   0.8560	  0.00089
   0.8570	  0.00101
   0.8580	  0.00018
   0.8590	  0.00007
   0.8600	  0.00040
   0.8610	  0.00035
   0.8620	  0.00088
   0.8630	  0.00003
   0.8640	  0.00077
   0.8650	  0.00137
   0.8660	  0.00195
   0.8670	  0.00044
   0.8680	  0.00084
   0.8690	  0.00003
   0.8700	  0.00024
   0.8710	  0.00042
   0.8720	  0.00099
   0.8730	  0.00106
   0.8740	  0.00034
   0.8750	  0.00018
   0.8760	  0.00030
   0.8770	  0.00119
   0.8780	 -0.00034
   0.8790	  0.00038
   0.8800	  0.00123
   0.8810	  0.00037
   0.8820	  0.00017
   0.8830	 -0.00033
   0.8840	 -0.00004
   0.8850	 -0.00014
   0.8860	 -0.00012
   0.8870	  0.00042
   0.8880	  0.00027
   0.8890	  0.00054
   0.8900	  0.00003
   0.8910	  0.00012
   0.8920	  0.00077
   0.8930	 -0.00006
   0.8940	  0.00100
   0.8950	  0.00048
   0.8960	  0.00028
   0.8970	  0.00082
   0.8980	  0.00050
   0.8990	  0.00066
   0.9000	  0.00091
   0.9010	  0.00065
   0.9020	  0.00100
   0.9030	  0.00055
   0.9040	  0.00026
   0.9050	  0.00082
   0.9060	 -0.00005
   0.9070	  0.00026
   0.9080	  0.00156
   0.9090	  0.00145
   0.9100	  0.00137
   0.9110	  0.00091
   0.9120	  0.00130
   0.9130	  0.00067
   0.9140	  0.00090
   0.9150	  0.00108
   0.9160	  0.00049
   0.9170	  0.00026
   0.9180	  0.00078
   0.9190	  0.00063
   0.9200	  0.00075
   0.9210	  0.00013
   0.9220	  0.00072
   0.9230	  0.00013
   0.9240	  0.00027
   0.9250	  0.00076
   0.9260	  0.00102
   0.9270	  0.00072
   0.9280	  0.00096
   0.9290	  0.00008
   0.9300	  0.00048
   0.9310	  0.00047
   0.9320	 -0.00001
   0.9330	  0.00027
   0.9340	  0.00137
   0.9350	  0.00017
   0.9360	 -0.00012
   0.9370	  0.00003
   0.9380	 -0.00038
   0.9390	  0.00002
   0.9400	  0.00001
   0.9410	  0.00058
   0.9420	  0.00012
   0.9430	  0.00011
   0.9440	  0.00026
   0.9450	  0.00119
   0.9460	  0.00018
   0.9470	  0.00141
   0.9480	  0.00074
   0.9490	  0.00097
   0.9500	  0.00097
   0.9510	  0.00105
   0.9520	  0.00078
   0.9530	  0.00096
   0.9540	 -0.00010
   0.9550	  0.00103
   0.9560	  0.00048
   0.9570	  0.00050
   0.9580	  0.00046
   0.9590	  0.00070
   0.9600	  0.00106
   0.9610	  0.00111
   0.9620	  0.00091
   0.9630	  0.00024
   0.9640	  0.00037
   0.9650	  0.00111
   0.9660	  0.00122
   0.9670	 -0.00027
   0.9680	  0.00024
   0.9690	 -0.00023
   0.9700	  0.00064
   0.9710	  0.00067
   0.9720	  0.00094
   0.9730	  0.00056
   0.9740	  0.00077
   0.9750	  0.00035
   0.9760	  0.00037
   0.9770	  0.00007
   0.9780	  0.00020
   0.9790	  0.00062
   0.9800	  0.00008
   0.9810	  0.00063
   0.9820	  0.00008
   0.9830	 -0.00013
   0.9840	  0.00063
   0.9850	  0.00044
   0.9860	  0.00100
   0.9870	  0.00022
   0.9880	  0.00077
   0.9890	  0.00024
   0.9900	  0.00105
   0.9910	  0.00062
   0.9920	  0.00048
   0.9930	  0.00045
   0.9940	  0.00061
   0.9950	  0.00053
   0.9960	 -0.00003
   0.9970	  0.00023
   0.9980	 -0.00037
   0.9990	  0.00079
   1.0000	  0.00058
